{"D:\\PBA Software\\Frameworks\\Webstorm\\Test\\bmi-calculator-nodejs-master\\methods\\bmicategory.js": {"path":"D:\\PBA Software\\Frameworks\\Webstorm\\Test\\bmi-calculator-nodejs-master\\methods\\bmicategory.js","statementMap":{"0":{"start":{"line":1,"column":0},"end":{"line":3,"column":1}}},"fnMap":{"0":{"name":"(anonymous_0)","decl":{"start":{"line":1,"column":17},"end":{"line":1,"column":18}},"loc":{"start":{"line":1,"column":30},"end":{"line":3,"column":1}},"line":1}},"branchMap":{},"s":{"0":1},"f":{"0":6},"b":{},"_coverageSchema":"332fd63041d2c1bcb487cc26dd0d5f7d97098a6c","hash":"fa9aa85ae0c63ab26dc3b236ca1f205124e7086d"}
}
